/opt/conda/lib/python3.7/site-packages/hydra/core/utils.py:207: UserWarning: 
Using config_path to specify the config name is deprecated, specify the config name via config_name
See https://hydra.cc/docs/next/upgrades/0.11_to_1.0/config_path_changes
  warnings.warn(category=UserWarning, message=msg)
2021-06-11 13:36:48.909787: I tensorflow/stream_executor/platform/default/dso_loader.cc:53] Successfully opened dynamic library libcudart.so.11.0
Epoch:1, Train loss:0.4369, Time:1.6133108139038086s
Epoch:2, Train loss:0.2902, Time:0.7775180339813232s
Epoch:3, Train loss:0.2419, Time:0.7532236576080322s
Epoch:4, Train loss:0.2112, Time:0.7524638175964355s
Epoch:5, Train loss:0.1901, Time:0.7523071765899658s
Epoch:6, Train loss:0.1675, Time:0.7528276443481445s
Epoch:7, Train loss:0.1509, Time:0.7501621246337891s
Epoch:8, Train loss:0.1352, Time:0.7579681873321533s
Epoch:9, Train loss:0.1233, Time:0.7550923824310303s
Epoch:10, Train loss:0.1116, Time:0.7563326358795166s
Epoch:11, Train loss:0.0979, Time:0.7517116069793701s
Epoch:12, Train loss:0.0895, Time:0.7407472133636475s
Epoch:13, Train loss:0.0808, Time:0.7524375915527344s
Epoch:14, Train loss:0.0814, Time:0.7539024353027344s
Epoch:15, Train loss:0.0754, Time:0.7465622425079346s
Epoch:16, Train loss:0.0733, Time:0.7485759258270264s
Epoch:17, Train loss:0.0555, Time:0.7480716705322266s
Epoch:18, Train loss:0.0796, Time:0.7489638328552246s
Epoch:19, Train loss:0.0680, Time:0.7458837032318115s
Epoch:20, Train loss:0.0744, Time:0.7529330253601074s
Epoch:21, Train loss:0.0642, Time:0.7489926815032959s
Epoch:22, Train loss:0.0516, Time:0.7458639144897461s
Epoch:23, Train loss:0.0530, Time:0.747288703918457s
Epoch:24, Train loss:0.0493, Time:0.743861198425293s
Epoch:25, Train loss:0.0502, Time:0.7441024780273438s
Epoch:26, Train loss:0.0606, Time:0.7467150688171387s
Epoch:27, Train loss:0.0428, Time:0.7489538192749023s
Epoch:28, Train loss:0.0539, Time:0.7461347579956055s
Epoch:29, Train loss:0.0452, Time:0.7457602024078369s
Epoch:30, Train loss:0.0381, Time:0.7482686042785645s
Epoch:31, Train loss:0.0390, Time:0.7427976131439209s
Epoch:32, Train loss:0.0432, Time:0.7507445812225342s
Epoch:33, Train loss:0.0372, Time:0.7449638843536377s
Epoch:34, Train loss:0.0436, Time:0.7479591369628906s
Epoch:35, Train loss:0.0359, Time:0.7469730377197266s
Epoch:36, Train loss:0.0357, Time:0.7463467121124268s
Epoch:37, Train loss:0.0344, Time:0.7417337894439697s
Epoch:38, Train loss:0.0296, Time:0.7446486949920654s
Epoch:39, Train loss:0.0351, Time:0.7489461898803711s
Epoch:40, Train loss:0.0379, Time:0.7496299743652344s
Epoch:41, Train loss:0.0358, Time:0.7455666065216064s
Epoch:42, Train loss:0.0296, Time:0.7452435493469238s
Epoch:43, Train loss:0.0309, Time:0.7460992336273193s
Epoch:44, Train loss:0.0304, Time:0.7467386722564697s
Epoch:45, Train loss:0.0407, Time:0.7443268299102783s
Epoch:46, Train loss:0.0253, Time:0.7514345645904541s
Epoch:47, Train loss:0.0275, Time:0.7481744289398193s
Epoch:48, Train loss:0.0262, Time:0.7470178604125977s
Epoch:49, Train loss:0.0269, Time:0.7452423572540283s
Epoch:50, Train loss:0.0302, Time:0.7473545074462891s
Epoch:51, Train loss:0.0302, Time:0.7466657161712646s
Epoch:52, Train loss:0.0290, Time:0.7487154006958008s
Epoch:53, Train loss:0.0212, Time:0.752448558807373s
Epoch:54, Train loss:0.0182, Time:0.7496631145477295s
Epoch:55, Train loss:0.0278, Time:0.7496321201324463s
Epoch:56, Train loss:0.0305, Time:0.7459514141082764s
Epoch:57, Train loss:0.0209, Time:0.7458882331848145s
Epoch:58, Train loss:0.0212, Time:0.747161865234375s
Epoch:59, Train loss:0.0197, Time:0.7480638027191162s
Epoch:60, Train loss:0.0247, Time:0.7484612464904785s
Epoch:61, Train loss:0.0204, Time:0.7538952827453613s
Epoch:62, Train loss:0.0182, Time:0.7529635429382324s
Epoch:63, Train loss:0.0250, Time:0.7488713264465332s
Epoch:64, Train loss:0.0177, Time:0.7493455410003662s
Epoch:65, Train loss:0.0251, Time:0.7513647079467773s
Epoch:66, Train loss:0.0240, Time:0.747880220413208s
Epoch:67, Train loss:0.0280, Time:0.7485549449920654s
Epoch:68, Train loss:0.0202, Time:0.746706485748291s
Epoch:69, Train loss:0.0249, Time:0.7517712116241455s
Epoch:70, Train loss:0.0237, Time:0.7500348091125488s
Epoch:71, Train loss:0.0232, Time:0.748603105545044s
Epoch:72, Train loss:0.0210, Time:0.7462239265441895s
Epoch:73, Train loss:0.0189, Time:0.7448685169219971s
Epoch:74, Train loss:0.0187, Time:0.7531077861785889s
Epoch:75, Train loss:0.0205, Time:0.7539305686950684s
Epoch:76, Train loss:0.0245, Time:0.7548952102661133s
Epoch:77, Train loss:0.0194, Time:0.7457976341247559s
Epoch:78, Train loss:0.0144, Time:0.7471754550933838s
Epoch:79, Train loss:0.0192, Time:0.7497320175170898s
Epoch:80, Train loss:0.0139, Time:0.7479791641235352s
Epoch:81, Train loss:0.0169, Time:0.751145601272583s
Epoch:82, Train loss:0.0185, Time:0.748091459274292s
Epoch:83, Train loss:0.0208, Time:0.7478907108306885s
Epoch:84, Train loss:0.0183, Time:0.7524795532226562s
Epoch:85, Train loss:0.0150, Time:0.7463784217834473s
Epoch:86, Train loss:0.0188, Time:0.751323938369751s
Epoch:87, Train loss:0.0187, Time:0.7502405643463135s
Epoch:88, Train loss:0.0230, Time:0.7476167678833008s
Epoch:89, Train loss:0.0182, Time:0.7462959289550781s
Epoch:90, Train loss:0.0170, Time:0.7495596408843994s
Epoch:91, Train loss:0.0173, Time:0.7457544803619385s
Epoch:92, Train loss:0.0215, Time:0.7523193359375s
Epoch:93, Train loss:0.0218, Time:0.7499358654022217s
Epoch:94, Train loss:0.0180, Time:0.750053882598877s
Epoch:95, Train loss:0.0198, Time:0.7488148212432861s
Epoch:96, Train loss:0.0201, Time:0.7505569458007812s
Epoch:97, Train loss:0.0162, Time:0.7518482208251953s
Epoch:98, Train loss:0.0115, Time:0.7485342025756836s
Epoch:99, Train loss:0.0177, Time:0.7484457492828369s
Epoch:100, Train loss:0.0156, Time:0.7502937316894531s
Accuracy/Test  0.9204801200300075
